[Client I] Did not find user settings at </<redacted>/<redacted>.json>
[Client I] Trace log: /tmp/VSFeedbackVSRTCLogs/20190712_031402_15629012420490_VSCode.log
[Client V] Downloading remote settings from https://az700632.vo.msecnd.net/pub/VSLiveShare/VSCode/remoteSettings.json
[Client I] Trace log: /tmp/VSFeedbackVSRTCLogs/20190712_031402_15629012421880_VSCode.log
[Client I] Extension, IDE, OS : VSLS/1.0.509 VSCode/1.37.0-insider Linux/5.0.0-20-generic
[Client I] Passed version check for Linux: found 5.0.0-20-generic
[Client.Rpc V] RPCClient.init retryCount:0 currentRetryInterval:0
[Debug.Rpc.Host V] TrackDebugManager created
[Client.Rpc I] Agent connection success - net.pipe://localhost/vscode.9bf9d3947606fe7f5f5f8d0d0eee361b
[Client.Rpc V] finish initialize agent session with rpcConnectId:null hostSessionId:2
[Client.Rpc.Auth V] < version.exchangeVersions()
[Client.Rpc.Auth V] > version.exchangeVersions() succeeded
[Client I] Client version: 1.0.509 (VSLS/2.2), agent version: 1.0.509.23844 (VSLS/2.2)
[Client.Rpc.Auth V] < version.exchangeSettings()
[Client.Rpc.Auth V] > version.exchangeSettings() succeeded
[Client I] No workspaceId found in workspace settings.
[API I] Initializing Live Share API 0.3.1291 for eamodio.gitlens@9.8.5
[Client I] No workspace url found in cascade.json file.
[Client.Rpc V] < telemetry.initialize()
[Client.Rpc V] > telemetry.initialize() succeeded
[Client.Rpc.Auth V] < auth.loginWithCachedToken()
[Client.Rpc.Auth E] > auth.loginWithCachedToken() error: undefined
[Contact.Manager I] registerContactProvider-> serviceId:git
[Contact.Service V] _Initialize:git
[Contact.Service V] Request 'initialize' serviceId:git
[Contact.Manager I] registerContactProvider-> serviceId:selfInvite
[Contact.Service V] _Initialize:selfInvite
[Contact.Service V] Request 'initialize' serviceId:selfInvite
[Client.Rpc.SessionContext V] < sessionContext.getServiceNames()
[Client.Rpc.SessionContext V] > sessionContext.getServiceNames() succeeded
[Contact.Service V] onNotified-> serviceId:git name:suggestedUsers
[Contact.Manager I] onSuggestedUsersUpdate-> serviceId:git count:0
[Contact.Manager V] ->updateRecentContacts -> count:0
[Contact.Manager V] <-updateRecentContacts
[Contact.Manager V] ->updateSuggestedUsers
[Contact.Manager V] suggest contacts from provider:git ids: emails:
[Contact.Manager I] <- updateSuggestedUsers count:0
[Debug.Rpc.Host V] DebugAdapterTracker created sessionId:220628bd-ca20-448f-930d-9f729f55b636
[Debug.Rpc.Host V] initialize response with capabilities:{"supportsConfigurationDoneRequest":true,"supportsFunctionBreakpoints":false,"supportsConditionalBreakpoints":true,"supportsHitConditionalBreakpoints":true,"supportsEvaluateForHovers":true,"exceptionBreakpointFilters":[{"filter":"all","label":"Todas as Exceções","default":false},{"filter":"user-unhandled","label":"Exceções Não Tratadas pelo Usuário","default":true}],"supportsSetVariable":true,"supportsGotoTargetsRequest":true,"supportsModulesRequest":true,"additionalModuleColumns":[],"supportedChecksumAlgorithms":["MD5","SHA1","SHA256"],"supportsExceptionOptions":true,"supportsValueFormattingOptions":true,"supportsExceptionInfoRequest":true,"supportTerminateDebuggee":true,"supportsSetExpression":true,"supportsExceptionConditions":true,"supportsDebuggerProperties":true,"supportsSetSymbolOptions":true}
[Debug.Rpc.Host V] createDebugSession sessionId:220628bd-ca20-448f-930d-9f729f55b636
[Debug.Rpc.Host V] onWillStopSession sessionId:220628bd-ca20-448f-930d-9f729f55b636
[Debug.Rpc.Host V] DebugAdapterTracker created sessionId:ba1a5775-fcf6-4e2e-a62c-d957ef96b9e8
[Debug.Rpc.Host V] initialize response with capabilities:{"supportsConfigurationDoneRequest":true,"supportsFunctionBreakpoints":false,"supportsConditionalBreakpoints":true,"supportsHitConditionalBreakpoints":true,"supportsEvaluateForHovers":true,"exceptionBreakpointFilters":[{"filter":"all","label":"Todas as Exceções","default":false},{"filter":"user-unhandled","label":"Exceções Não Tratadas pelo Usuário","default":true}],"supportsSetVariable":true,"supportsGotoTargetsRequest":true,"supportsModulesRequest":true,"additionalModuleColumns":[],"supportedChecksumAlgorithms":["MD5","SHA1","SHA256"],"supportsExceptionOptions":true,"supportsValueFormattingOptions":true,"supportsExceptionInfoRequest":true,"supportTerminateDebuggee":true,"supportsSetExpression":true,"supportsExceptionConditions":true,"supportsDebuggerProperties":true,"supportsSetSymbolOptions":true}
[Debug.Rpc.Host V] createDebugSession sessionId:ba1a5775-fcf6-4e2e-a62c-d957ef96b9e8
[Debug.Rpc.Host V] onWillStopSession sessionId:ba1a5775-fcf6-4e2e-a62c-d957ef96b9e8
[Debug.Rpc.Host V] DebugAdapterTracker created sessionId:027873b1-c3cc-4cbe-9eac-4748e93fd4fc
[Debug.Rpc.Host V] initialize response with capabilities:{"supportsConfigurationDoneRequest":true,"supportsFunctionBreakpoints":false,"supportsConditionalBreakpoints":true,"supportsHitConditionalBreakpoints":true,"supportsEvaluateForHovers":true,"exceptionBreakpointFilters":[{"filter":"all","label":"Todas as Exceções","default":false},{"filter":"user-unhandled","label":"Exceções Não Tratadas pelo Usuário","default":true}],"supportsSetVariable":true,"supportsGotoTargetsRequest":true,"supportsModulesRequest":true,"additionalModuleColumns":[],"supportedChecksumAlgorithms":["MD5","SHA1","SHA256"],"supportsExceptionOptions":true,"supportsValueFormattingOptions":true,"supportsExceptionInfoRequest":true,"supportTerminateDebuggee":true,"supportsSetExpression":true,"supportsExceptionConditions":true,"supportsDebuggerProperties":true,"supportsSetSymbolOptions":true}
[Debug.Rpc.Host V] createDebugSession sessionId:027873b1-c3cc-4cbe-9eac-4748e93fd4fc
[Debug.Rpc.Host V] onWillStopSession sessionId:027873b1-c3cc-4cbe-9eac-4748e93fd4fc
[Debug.Rpc.Host V] DebugAdapterTracker created sessionId:84dc0efb-2055-4020-bbed-aca7986b504a
[Debug.Rpc.Host V] initialize response with capabilities:{"supportsConfigurationDoneRequest":true,"supportsFunctionBreakpoints":false,"supportsConditionalBreakpoints":true,"supportsHitConditionalBreakpoints":true,"supportsEvaluateForHovers":true,"exceptionBreakpointFilters":[{"filter":"all","label":"Todas as Exceções","default":false},{"filter":"user-unhandled","label":"Exceções Não Tratadas pelo Usuário","default":true}],"supportsSetVariable":true,"supportsGotoTargetsRequest":true,"supportsModulesRequest":true,"additionalModuleColumns":[],"supportedChecksumAlgorithms":["MD5","SHA1","SHA256"],"supportsExceptionOptions":true,"supportsValueFormattingOptions":true,"supportsExceptionInfoRequest":true,"supportTerminateDebuggee":true,"supportsSetExpression":true,"supportsExceptionConditions":true,"supportsDebuggerProperties":true,"supportsSetSymbolOptions":true}
[Debug.Rpc.Host V] createDebugSession sessionId:84dc0efb-2055-4020-bbed-aca7986b504a
[Debug.Rpc.Host V] onWillStopSession sessionId:84dc0efb-2055-4020-bbed-aca7986b504a
[Debug.Rpc.Host V] DebugAdapterTracker created sessionId:6ea27db2-38f1-4e54-8cae-2ed0c2146334
[Debug.Rpc.Host V] initialize response with capabilities:{"supportsConfigurationDoneRequest":true,"supportsFunctionBreakpoints":false,"supportsConditionalBreakpoints":true,"supportsHitConditionalBreakpoints":true,"supportsEvaluateForHovers":true,"exceptionBreakpointFilters":[{"filter":"all","label":"Todas as Exceções","default":false},{"filter":"user-unhandled","label":"Exceções Não Tratadas pelo Usuário","default":true}],"supportsSetVariable":true,"supportsGotoTargetsRequest":true,"supportsModulesRequest":true,"additionalModuleColumns":[],"supportedChecksumAlgorithms":["MD5","SHA1","SHA256"],"supportsExceptionOptions":true,"supportsValueFormattingOptions":true,"supportsExceptionInfoRequest":true,"supportTerminateDebuggee":true,"supportsSetExpression":true,"supportsExceptionConditions":true,"supportsDebuggerProperties":true,"supportsSetSymbolOptions":true}
[Debug.Rpc.Host V] createDebugSession sessionId:6ea27db2-38f1-4e54-8cae-2ed0c2146334
[API I] Request contacts for emails: <e93c@b188>
[Debug.Rpc.Host V] onWillStopSession sessionId:6ea27db2-38f1-4e54-8cae-2ed0c2146334
[Debug.Rpc.Host V] DebugAdapterTracker created sessionId:d205e832-54b1-4c48-afd6-60f2c147e277
[Debug.Rpc.Host V] initialize response with capabilities:{"supportsConfigurationDoneRequest":true,"supportsFunctionBreakpoints":false,"supportsConditionalBreakpoints":true,"supportsHitConditionalBreakpoints":true,"supportsEvaluateForHovers":true,"exceptionBreakpointFilters":[{"filter":"all","label":"Todas as Exceções","default":false},{"filter":"user-unhandled","label":"Exceções Não Tratadas pelo Usuário","default":true}],"supportsSetVariable":true,"supportsGotoTargetsRequest":true,"supportsModulesRequest":true,"additionalModuleColumns":[],"supportedChecksumAlgorithms":["MD5","SHA1","SHA256"],"supportsExceptionOptions":true,"supportsValueFormattingOptions":true,"supportsExceptionInfoRequest":true,"supportTerminateDebuggee":true,"supportsSetExpression":true,"supportsExceptionConditions":true,"supportsDebuggerProperties":true,"supportsSetSymbolOptions":true}
[Debug.Rpc.Host V] createDebugSession sessionId:d205e832-54b1-4c48-afd6-60f2c147e277
[Debug.Rpc.Host V] onWillStopSession sessionId:d205e832-54b1-4c48-afd6-60f2c147e277
[Debug.Rpc.Host V] DebugAdapterTracker created sessionId:d69762bb-6561-4f2a-ab5e-16b132e3cc4d
[Debug.Rpc.Host V] initialize response with capabilities:{"supportsConfigurationDoneRequest":true,"supportsFunctionBreakpoints":false,"supportsConditionalBreakpoints":true,"supportsHitConditionalBreakpoints":true,"supportsEvaluateForHovers":true,"exceptionBreakpointFilters":[{"filter":"all","label":"Todas as Exceções","default":false},{"filter":"user-unhandled","label":"Exceções Não Tratadas pelo Usuário","default":true}],"supportsSetVariable":true,"supportsGotoTargetsRequest":true,"supportsModulesRequest":true,"additionalModuleColumns":[],"supportedChecksumAlgorithms":["MD5","SHA1","SHA256"],"supportsExceptionOptions":true,"supportsValueFormattingOptions":true,"supportsExceptionInfoRequest":true,"supportTerminateDebuggee":true,"supportsSetExpression":true,"supportsExceptionConditions":true,"supportsDebuggerProperties":true,"supportsSetSymbolOptions":true}
[Debug.Rpc.Host V] createDebugSession sessionId:d69762bb-6561-4f2a-ab5e-16b132e3cc4d
[Contact.Manager V] onActivityStatusChanged-> id:idle newStatus:away publishedPresenceStatus:undefined
[Contact.Manager V] onActivityStatusChanged-> id:idle newStatus:available publishedPresenceStatus:undefined
[Client I] Client deactivation requested.
