Starting OmniSharp server at 12/07/2019 00:14:02
    Target: /home/isaquepf/repositories/dotnet/Actio/Actio.sln

OmniSharp server started.
    Path: /home/isaquepf/.vscode-insiders/extensions/ms-vscode.csharp-1.20.0/.omnisharp/1.32.20/run
    PID: 14972

[info]: OmniSharp.Stdio.Host
        Starting OmniSharp on ubuntu 19.4 (x64)
[info]: OmniSharp.Services.DotNetCliService
        DotNetPath set to dotnet
[info]: OmniSharp.MSBuild.Discovery.MSBuildLocator
        Located 1 MSBuild instance(s)
            1: StandAlone 15.0 - "/home/isaquepf/.vscode-insiders/extensions/ms-vscode.csharp-1.20.0/.omnisharp/1.32.20/omnisharp/.msbuild/Current/Bin"
[info]: OmniSharp.MSBuild.Discovery.MSBuildLocator
        MSBUILD_EXE_PATH environment variable set to '/home/isaquepf/.vscode-insiders/extensions/ms-vscode.csharp-1.20.0/.omnisharp/1.32.20/omnisharp/.msbuild/Current/Bin/MSBuild.dll'
[info]: OmniSharp.MSBuild.Discovery.MSBuildLocator
        Registered MSBuild instance: StandAlone 15.0 - "/home/isaquepf/.vscode-insiders/extensions/ms-vscode.csharp-1.20.0/.omnisharp/1.32.20/omnisharp/.msbuild/Current/Bin"
            MSBuildExtensionsPath = /home/isaquepf/.vscode-insiders/extensions/ms-vscode.csharp-1.20.0/.omnisharp/1.32.20/omnisharp/.msbuild
            BypassFrameworkInstallChecks = true
            CscToolPath = /home/isaquepf/.vscode-insiders/extensions/ms-vscode.csharp-1.20.0/.omnisharp/1.32.20/omnisharp/.msbuild/Current/Bin/Roslyn
            CscToolExe = csc.exe
            MSBuildToolsPath = /home/isaquepf/.vscode-insiders/extensions/ms-vscode.csharp-1.20.0/.omnisharp/1.32.20/omnisharp/.msbuild/Current/Bin
[info]: OmniSharp.Cake.CakeProjectSystem
        Detecting Cake files in '/home/isaquepf/repositories/dotnet/Actio'.
[info]: OmniSharp.Cake.CakeProjectSystem
        Could not find any Cake files
[info]: OmniSharp.WorkspaceInitializer
        Project system 'OmniSharp.DotNet.DotNetProjectSystem' is disabled in the configuration.
[info]: OmniSharp.MSBuild.ProjectSystem
        Detecting projects in '/home/isaquepf/repositories/dotnet/Actio/Actio.sln'.
[info]: OmniSharp.MSBuild.ProjectManager
        Queue project update for '/home/isaquepf/repositories/dotnet/Actio/src/Actio.Api/Actio.Api.csproj'
[info]: OmniSharp.MSBuild.ProjectManager
        Queue project update for '/home/isaquepf/repositories/dotnet/Actio/src/Actio.Common/Actio.Common.csproj'
[info]: OmniSharp.MSBuild.ProjectManager
        Queue project update for '/home/isaquepf/repositories/dotnet/Actio/src/Actio.Services.Identity/Actio.Services.Identity.csproj'
[info]: OmniSharp.MSBuild.ProjectManager
        Queue project update for '/home/isaquepf/repositories/dotnet/Actio/src/Actio.Domain/Actio.Domain.csproj'
[info]: OmniSharp.MSBuild.ProjectManager
        Queue project update for '/home/isaquepf/repositories/dotnet/Actio/src/Actio.Infraestructure/Actio.Infraestructure.csproj'
[info]: OmniSharp.MSBuild.ProjectManager
        Queue project update for '/home/isaquepf/repositories/dotnet/Actio/src/Actio.Application/Actio.Application.csproj'
[info]: OmniSharp.Script.ScriptProjectSystem
        Detecting CSX files in '/home/isaquepf/repositories/dotnet/Actio'.
[info]: OmniSharp.Script.ScriptProjectSystem
        Could not find any CSX files
[info]: OmniSharp.WorkspaceInitializer
        Invoking Workspace Options Provider: OmniSharp.Roslyn.CSharp.Services.CSharpWorkspaceOptionsProvider
[info]: OmniSharp.MSBuild.ProjectManager
        Loading project: /home/isaquepf/repositories/dotnet/Actio/src/Actio.Api/Actio.Api.csproj
[info]: OmniSharp.WorkspaceInitializer
        Configuration finished.
[info]: OmniSharp.Stdio.Host
        Omnisharp server running using Stdio at location '/home/isaquepf/repositories/dotnet/Actio' on host 14834.
[info]: OmniSharp.MSBuild.ProjectManager
        Successfully loaded project file '/home/isaquepf/repositories/dotnet/Actio/src/Actio.Api/Actio.Api.csproj'.
[info]: OmniSharp.MSBuild.ProjectManager
        Adding project '/home/isaquepf/repositories/dotnet/Actio/src/Actio.Api/Actio.Api.csproj'
[info]: OmniSharp.MSBuild.ProjectManager
        Loading project: /home/isaquepf/repositories/dotnet/Actio/src/Actio.Common/Actio.Common.csproj
[info]: OmniSharp.MSBuild.ProjectManager
        Successfully loaded project file '/home/isaquepf/repositories/dotnet/Actio/src/Actio.Common/Actio.Common.csproj'.
[info]: OmniSharp.MSBuild.ProjectManager
        Adding project '/home/isaquepf/repositories/dotnet/Actio/src/Actio.Common/Actio.Common.csproj'
[info]: OmniSharp.MSBuild.ProjectManager
        Loading project: /home/isaquepf/repositories/dotnet/Actio/src/Actio.Services.Identity/Actio.Services.Identity.csproj
[info]: OmniSharp.MSBuild.ProjectManager
        Successfully loaded project file '/home/isaquepf/repositories/dotnet/Actio/src/Actio.Services.Identity/Actio.Services.Identity.csproj'.
[info]: OmniSharp.MSBuild.ProjectManager
        Adding project '/home/isaquepf/repositories/dotnet/Actio/src/Actio.Services.Identity/Actio.Services.Identity.csproj'
[info]: OmniSharp.MSBuild.ProjectManager
        Loading project: /home/isaquepf/repositories/dotnet/Actio/src/Actio.Domain/Actio.Domain.csproj
[info]: OmniSharp.MSBuild.ProjectManager
        Successfully loaded project file '/home/isaquepf/repositories/dotnet/Actio/src/Actio.Domain/Actio.Domain.csproj'.
[info]: OmniSharp.MSBuild.ProjectManager
        Adding project '/home/isaquepf/repositories/dotnet/Actio/src/Actio.Domain/Actio.Domain.csproj'
[info]: OmniSharp.MSBuild.ProjectManager
        Loading project: /home/isaquepf/repositories/dotnet/Actio/src/Actio.Infraestructure/Actio.Infraestructure.csproj
[info]: OmniSharp.MSBuild.ProjectManager
        Successfully loaded project file '/home/isaquepf/repositories/dotnet/Actio/src/Actio.Infraestructure/Actio.Infraestructure.csproj'.
[info]: OmniSharp.MSBuild.ProjectManager
        Adding project '/home/isaquepf/repositories/dotnet/Actio/src/Actio.Infraestructure/Actio.Infraestructure.csproj'
[info]: OmniSharp.MSBuild.ProjectManager
        Loading project: /home/isaquepf/repositories/dotnet/Actio/src/Actio.Application/Actio.Application.csproj
[info]: OmniSharp.MSBuild.ProjectManager
        Successfully loaded project file '/home/isaquepf/repositories/dotnet/Actio/src/Actio.Application/Actio.Application.csproj'.
[info]: OmniSharp.MSBuild.ProjectManager
        Adding project '/home/isaquepf/repositories/dotnet/Actio/src/Actio.Application/Actio.Application.csproj'
[info]: OmniSharp.MSBuild.ProjectManager
        Update project: Actio.Api
[info]: OmniSharp.MSBuild.ProjectManager
        Update project: Actio.Common
[info]: OmniSharp.MSBuild.ProjectManager
        Update project: Actio.Services.Identity
[info]: OmniSharp.MSBuild.ProjectManager
        Update project: Actio.Domain
[info]: OmniSharp.MSBuild.ProjectManager
        Update project: Actio.Infraestructure
[info]: OmniSharp.MSBuild.ProjectManager
        Update project: Actio.Application
[info]: OmniSharp.Roslyn.CSharp.Services.Refactoring.V2.RunCodeActionService
        Applying code action: using Actio.Domain.Model;
