Looking for git in: git
Using git 2.20.1 from git
> git rev-parse --show-toplevel
> git rev-parse --git-dir
> git config --get commit.template
Open repository: /home/isaquepf/repositories/dotnet/Actio
> git status -z -u
> git symbolic-ref --short HEAD
> git rev-parse master
> git rev-parse --symbolic-full-name master@{u}
> git rev-list --left-right master...refs/remotes/origin/master
> git for-each-ref --format %(refname) %(objectname) --sort -committerdate
> git remote --verbose
> git check-ignore -v -z --stdin
> git config --global user.email
> git config --global user.name
> git status -z -u
> git symbolic-ref --short HEAD
> git rev-parse master
> git rev-parse --symbolic-full-name master@{u}
> git rev-list --left-right master...refs/remotes/origin/master
> git for-each-ref --format %(refname) %(objectname) --sort -committerdate
> git remote --verbose
> git show -s --format=%an <%ae> [%ai] 38c9d84921476d459c920ff60838baa0bed94b54
> git show -s --format=%H
%ae
%P
%B 38c9d84921476d459c920ff60838baa0bed94b54
> git check-ignore -v -z --stdin
> git status -z -u
> git symbolic-ref --short HEAD
> git rev-parse master
> git rev-parse --symbolic-full-name master@{u}
> git rev-list --left-right master...refs/remotes/origin/master
> git for-each-ref --format %(refname) %(objectname) --sort -committerdate
> git remote --verbose
> git status -z -u
> git symbolic-ref --short HEAD
> git rev-parse master
> git rev-parse --symbolic-full-name master@{u}
> git rev-list --left-right master...refs/remotes/origin/master
> git for-each-ref --format %(refname) %(objectname) --sort -committerdate
> git remote --verbose
> git status -z -u
> git symbolic-ref --short HEAD
> git rev-parse master
> git rev-parse --symbolic-full-name master@{u}
> git rev-list --left-right master...refs/remotes/origin/master
> git for-each-ref --format %(refname) %(objectname) --sort -committerdate
> git remote --verbose
> git status -z -u
> git symbolic-ref --short HEAD
> git rev-parse master
> git rev-parse --symbolic-full-name master@{u}
> git rev-list --left-right master...refs/remotes/origin/master
> git for-each-ref --format %(refname) %(objectname) --sort -committerdate
> git remote --verbose
> git status -z -u
> git symbolic-ref --short HEAD
> git rev-parse master
> git rev-parse --symbolic-full-name master@{u}
> git rev-list --left-right master...refs/remotes/origin/master
> git for-each-ref --format %(refname) %(objectname) --sort -committerdate
> git remote --verbose
> git check-ignore -v -z --stdin
> git check-ignore -v -z --stdin
> git show :src/Actio.Api/Controllers/ActivitiesController.cs
> git check-ignore -v -z --stdin
> git check-ignore -v -z --stdin
> git check-ignore -v -z --stdin
> git show :src/Actio.Application/Handlers/ActivityCreatedHandler.cs
> git show :src/Actio.Api/Controllers/ActivitiesController.cs
> git show :src/Actio.Infraestructure/IOC/Config/RabbitMq/MassTransitConfiguration.cs
> git check-ignore -v -z --stdin
> git show :src/Actio.Application/Handlers/CreateActivityHandler.cs
> git show :src/Actio.Infraestructure/IOC/Config/RabbitMq/MassTransitConfiguration.cs
> git show :src/Actio.Application/Handlers/CreateActivityHandler.cs
> git show :src/Actio.Application/Services/Activities/ActivityService.cs
> git check-ignore -v -z --stdin
> git show :src/Actio.Api/Controllers/ActivitiesController.cs
> git show :src/Actio.Application/Handlers/CreateActivityHandler.cs
> git show :src/Actio.Api/Controllers/ActivitiesController.cs
> git show :src/Actio.Application/Handlers/CreateActivityHandler.cs
> git show :src/Actio.Application/Services/Activities/ActivityService.cs
> git show :src/Actio.Api/Controllers/ActivitiesController.cs
> git show :src/Actio.Application/Handlers/CreateActivityHandler.cs
> git show :src/Actio.Api/Controllers/ActivitiesController.cs
> git show :src/Actio.Application/Handlers/CreateActivityHandler.cs
> git show :src/Actio.Application/Services/Activities/ActivityService.cs
> git show :src/Actio.Infraestructure/Repositories/Activities/CategoryRepository.cs
> git check-ignore -v -z --stdin
> git show :src/Actio.Application/Services/Activities/ActivityService.cs
> git show :src/Actio.Api/Controllers/ActivitiesController.cs
> git show :src/Actio.Application/Handlers/CreateActivityHandler.cs
> git show :src/Actio.Application/Services/Activities/ActivityService.cs
> git show :src/Actio.Infraestructure/Repositories/Activities/CategoryRepository.cs
> git show :src/Actio.Application/Services/Activities/ActivityService.cs
> git show :src/Actio.Api/Controllers/ActivitiesController.cs
> git show :src/Actio.Application/Handlers/CreateActivityHandler.cs
> git show :src/Actio.Application/Services/Activities/ActivityService.cs
> git show :src/Actio.Domain/Core/Repositories/ICategoryRepository.cs
> git check-ignore -v -z --stdin
> git show :src/Actio.Infraestructure/Repositories/Activities/CategoryRepository.cs
> git status -z -u
> git symbolic-ref --short HEAD
> git rev-parse master
> git rev-parse --symbolic-full-name master@{u}
> git rev-list --left-right master...refs/remotes/origin/master
> git for-each-ref --format %(refname) %(objectname) --sort -committerdate
> git remote --verbose
> git status -z -u
> git symbolic-ref --short HEAD
> git rev-parse master
> git rev-parse --symbolic-full-name master@{u}
> git rev-list --left-right master...refs/remotes/origin/master
> git for-each-ref --format %(refname) %(objectname) --sort -committerdate
> git remote --verbose
> git status -z -u
> git symbolic-ref --short HEAD
> git rev-parse master
> git rev-parse --symbolic-full-name master@{u}
> git rev-list --left-right master...refs/remotes/origin/master
> git for-each-ref --format %(refname) %(objectname) --sort -committerdate
> git remote --verbose
> git status -z -u
> git symbolic-ref --short HEAD
> git rev-parse master
> git rev-parse --symbolic-full-name master@{u}
> git rev-list --left-right master...refs/remotes/origin/master
> git for-each-ref --format %(refname) %(objectname) --sort -committerdate
> git remote --verbose
> git status -z -u
> git symbolic-ref --short HEAD
> git rev-parse master
> git rev-parse --symbolic-full-name master@{u}
> git rev-list --left-right master...refs/remotes/origin/master
> git for-each-ref --format %(refname) %(objectname) --sort -committerdate
> git remote --verbose
> git show :src/Actio.Api/Controllers/ActivitiesController.cs
> git show :src/Actio.Application/Handlers/CreateActivityHandler.cs
> git show :src/Actio.Application/Services/Activities/ActivityService.cs
> git show :src/Actio.Infraestructure/Repositories/Activities/CategoryRepository.cs
> git show :src/Actio.Application/Services/Activities/ActivityService.cs
> git status -z -u
> git symbolic-ref --short HEAD
> git rev-parse master
> git rev-parse --symbolic-full-name master@{u}
> git rev-list --left-right master...refs/remotes/origin/master
> git for-each-ref --format %(refname) %(objectname) --sort -committerdate
> git remote --verbose
> git status -z -u
> git symbolic-ref --short HEAD
> git rev-parse master
> git rev-parse --symbolic-full-name master@{u}
> git rev-list --left-right master...refs/remotes/origin/master
> git for-each-ref --format %(refname) %(objectname) --sort -committerdate
> git remote --verbose
> git status -z -u
> git symbolic-ref --short HEAD
> git rev-parse master
> git rev-parse --symbolic-full-name master@{u}
> git rev-list --left-right master...refs/remotes/origin/master
> git for-each-ref --format %(refname) %(objectname) --sort -committerdate
> git remote --verbose
> git show :src/Actio.Api/Controllers/ActivitiesController.cs
> git show :src/Actio.Application/Handlers/CreateActivityHandler.cs
> git show :src/Actio.Application/Services/Activities/ActivityService.cs
> git show :src/Actio.Infraestructure/Repositories/Activities/CategoryRepository.cs
> git check-ignore -v -z --stdin
> git show :src/Actio.Api/appsettings.json
> git check-ignore -v -z --stdin
> git show :src/Actio.Services.Activities/appsettings.json
> git show :src/Actio.Api/appsettings.json
> git status -z -u
> git symbolic-ref --short HEAD
> git rev-parse master
> git rev-parse --symbolic-full-name master@{u}
> git rev-list --left-right master...refs/remotes/origin/master
> git for-each-ref --format %(refname) %(objectname) --sort -committerdate
> git remote --verbose
> git status -z -u
> git symbolic-ref --short HEAD
> git rev-parse master
> git rev-parse --symbolic-full-name master@{u}
> git rev-list --left-right master...refs/remotes/origin/master
> git for-each-ref --format %(refname) %(objectname) --sort -committerdate
> git remote --verbose
> git status -z -u
> git symbolic-ref --short HEAD
> git rev-parse master
> git rev-parse --symbolic-full-name master@{u}
> git rev-list --left-right master...refs/remotes/origin/master
> git for-each-ref --format %(refname) %(objectname) --sort -committerdate
> git remote --verbose
> git show :src/Actio.Application/Handlers/CreateActivityHandler.cs
> git show :src/Actio.Application/Services/Activities/ActivityService.cs
> git show :src/Actio.Infraestructure/Repositories/Activities/CategoryRepository.cs
> git show :src/Actio.Api/appsettings.json
> git show :src/Actio.Application/Handlers/CreateActivityHandler.cs
> git show :src/Actio.Application/Services/Activities/ActivityService.cs
> git show :src/Actio.Infraestructure/Repositories/Activities/CategoryRepository.cs
> git show :src/Actio.Application/Services/Activities/ActivityService.cs
> git show :src/Actio.Application/Handlers/CreateActivityHandler.cs
> git show :src/Actio.Application/Services/Activities/IActivityService.cs
> git show :src/Actio.Application/Services/Activities/ActivityService.cs
> git status -z -u
> git symbolic-ref --short HEAD
> git rev-parse master
> git rev-parse --symbolic-full-name master@{u}
> git rev-list --left-right master...refs/remotes/origin/master
> git for-each-ref --format %(refname) %(objectname) --sort -committerdate
> git remote --verbose
> git status -z -u
> git symbolic-ref --short HEAD
> git rev-parse master
> git rev-parse --symbolic-full-name master@{u}
> git rev-list --left-right master...refs/remotes/origin/master
> git for-each-ref --format %(refname) %(objectname) --sort -committerdate
> git remote --verbose
> git status -z -u
> git symbolic-ref --short HEAD
> git rev-parse master
> git rev-parse --symbolic-full-name master@{u}
> git rev-list --left-right master...refs/remotes/origin/master
> git for-each-ref --format %(refname) %(objectname) --sort -committerdate
> git remote --verbose
> git show :src/Actio.Domain/Core/Model/Activities/Activity.cs
> git check-ignore -v -z --stdin
> git show :src/Actio.Application/Services/Activities/ActivityService.cs
> git status -z -u
> git symbolic-ref --short HEAD
> git rev-parse master
> git rev-parse --symbolic-full-name master@{u}
> git rev-list --left-right master...refs/remotes/origin/master
> git for-each-ref --format %(refname) %(objectname) --sort -committerdate
> git remote --verbose
> git status -z -u
> git symbolic-ref --short HEAD
> git rev-parse master
> git rev-parse --symbolic-full-name master@{u}
> git rev-list --left-right master...refs/remotes/origin/master
> git for-each-ref --format %(refname) %(objectname) --sort -committerdate
> git remote --verbose
> git status -z -u
> git symbolic-ref --short HEAD
> git rev-parse master
> git rev-parse --symbolic-full-name master@{u}
> git rev-list --left-right master...refs/remotes/origin/master
> git for-each-ref --format %(refname) %(objectname) --sort -committerdate
> git remote --verbose
> git show :src/Actio.Api/Controllers/ActivitiesController.cs
> git show :src/Actio.Application/Handlers/CreateActivityHandler.cs
> git show :src/Actio.Application/Services/Activities/ActivityService.cs
> git show :src/Actio.Infraestructure/Repositories/Activities/CategoryRepository.cs
> git show :src/Actio.Application/Services/Activities/ActivityService.cs
> git show :src/Actio.Application/Services/Activities/RQ/ActivityRQ.cs
> git check-ignore -v -z --stdin
> git status -z -u
> git symbolic-ref --short HEAD
> git rev-parse master
> git rev-parse --symbolic-full-name master@{u}
> git rev-list --left-right master...refs/remotes/origin/master
> git for-each-ref --format %(refname) %(objectname) --sort -committerdate
> git remote --verbose
> git status -z -u
> git symbolic-ref --short HEAD
> git rev-parse master
> git rev-parse --symbolic-full-name master@{u}
> git rev-list --left-right master...refs/remotes/origin/master
> git for-each-ref --format %(refname) %(objectname) --sort -committerdate
> git remote --verbose
> git show :src/Actio.Domain/Core/Model/Activities/Activity.cs
> git check-ignore -v -z --stdin
> git status -z -u
> git symbolic-ref --short HEAD
> git rev-parse master
> git rev-parse --symbolic-full-name master@{u}
> git rev-list --left-right master...refs/remotes/origin/master
> git for-each-ref --format %(refname) %(objectname) --sort -committerdate
> git remote --verbose
> git check-ignore -v -z --stdin
> git show :src/Actio.Application/Handlers/ActivityCreatedHandler.cs
> git status -z -u
> git symbolic-ref --short HEAD
> git rev-parse master
> git rev-parse --symbolic-full-name master@{u}
> git rev-list --left-right master...refs/remotes/origin/master
> git for-each-ref --format %(refname) %(objectname) --sort -committerdate
> git remote --verbose
> git show :src/Actio.Domain/Core/Events/ActivityCreated.cs
> git check-ignore -v -z --stdin
> git status -z -u
> git symbolic-ref --short HEAD
> git rev-parse master
> git rev-parse --symbolic-full-name master@{u}
> git rev-list --left-right master...refs/remotes/origin/master
> git for-each-ref --format %(refname) %(objectname) --sort -committerdate
> git remote --verbose
> git status -z -u
> git symbolic-ref --short HEAD
> git rev-parse master
> git rev-parse --symbolic-full-name master@{u}
> git rev-list --left-right master...refs/remotes/origin/master
> git for-each-ref --format %(refname) %(objectname) --sort -committerdate
> git remote --verbose
> git show :src/Actio.Application/Handlers/ActivityCreatedHandler.cs
> git status -z -u
> git symbolic-ref --short HEAD
> git rev-parse master
> git rev-parse --symbolic-full-name master@{u}
> git rev-list --left-right master...refs/remotes/origin/master
> git for-each-ref --format %(refname) %(objectname) --sort -committerdate
> git remote --verbose
> git show :src/Actio.Application/Services/Activities/ActivityService.cs
> git status -z -u
> git symbolic-ref --short HEAD
> git rev-parse master
> git rev-parse --symbolic-full-name master@{u}
> git rev-list --left-right master...refs/remotes/origin/master
> git for-each-ref --format %(refname) %(objectname) --sort -committerdate
> git remote --verbose
> git status -z -u
> git symbolic-ref --short HEAD
> git rev-parse master
> git rev-parse --symbolic-full-name master@{u}
> git rev-list --left-right master...refs/remotes/origin/master
> git for-each-ref --format %(refname) %(objectname) --sort -committerdate
> git remote --verbose
> git status -z -u
> git symbolic-ref --short HEAD
> git rev-parse master
> git rev-parse --symbolic-full-name master@{u}
> git rev-list --left-right master...refs/remotes/origin/master
> git for-each-ref --format %(refname) %(objectname) --sort -committerdate
> git remote --verbose
> git status -z -u
> git symbolic-ref --short HEAD
> git rev-parse master
> git rev-parse --symbolic-full-name master@{u}
> git rev-list --left-right master...refs/remotes/origin/master
> git for-each-ref --format %(refname) %(objectname) --sort -committerdate
> git remote --verbose
> git status -z -u
> git symbolic-ref --short HEAD
> git rev-parse master
> git rev-parse --symbolic-full-name master@{u}
> git rev-list --left-right master...refs/remotes/origin/master
> git for-each-ref --format %(refname) %(objectname) --sort -committerdate
> git remote --verbose
> git status -z -u
> git symbolic-ref --short HEAD
> git rev-parse master
> git rev-parse --symbolic-full-name master@{u}
> git rev-list --left-right master...refs/remotes/origin/master
> git for-each-ref --format %(refname) %(objectname) --sort -committerdate
> git remote --verbose
> git show :src/Actio.Api/Controllers/ActivitiesController.cs
> git show :src/Actio.Application/Handlers/CreateActivityHandler.cs
> git show :src/Actio.Application/Services/Activities/ActivityService.cs
> git show :src/Actio.Infraestructure/Repositories/Activities/CategoryRepository.cs
> git show :src/Actio.Application/Services/Activities/ActivityService.cs
> git show :src/Actio.Api/Controllers/ActivitiesController.cs
> git show :src/Actio.Application/Handlers/CreateActivityHandler.cs
> git show :src/Actio.Infraestructure/Repositories/Activities/CategoryRepository.cs
> git show :src/Actio.Application/Services/Activities/ActivityService.cs
> git show :src/Actio.Api/Controllers/ActivitiesController.cs
> git show :src/Actio.Application/Handlers/CreateActivityHandler.cs
> git show :src/Actio.Infraestructure/Repositories/Activities/CategoryRepository.cs
> git show :src/Actio.Application/Services/Activities/ActivityService.cs
> git show :src/Actio.Application/Handlers/CreateActivityHandler.cs
> git show :src/Actio.Application/Services/Activities/ActivityService.cs
> git show :src/Actio.Application/Handlers/CreateActivityHandler.cs
> git show :src/Actio.Application/Services/Activities/IActivityService.cs
> git show :src/Actio.Domain/Core/Model/Activities/Activity.cs
> git status -z -u
> git symbolic-ref --short HEAD
> git rev-parse master
> git rev-parse --symbolic-full-name master@{u}
> git rev-list --left-right master...refs/remotes/origin/master
> git for-each-ref --format %(refname) %(objectname) --sort -committerdate
> git remote --verbose
> git status -z -u
> git symbolic-ref --short HEAD
> git rev-parse master
> git rev-parse --symbolic-full-name master@{u}
> git rev-list --left-right master...refs/remotes/origin/master
> git for-each-ref --format %(refname) %(objectname) --sort -committerdate
> git remote --verbose
> git status -z -u
> git symbolic-ref --short HEAD
> git rev-parse master
> git rev-parse --symbolic-full-name master@{u}
> git rev-list --left-right master...refs/remotes/origin/master
> git for-each-ref --format %(refname) %(objectname) --sort -committerdate
> git remote --verbose
> git show :src/Actio.Api/Controllers/ActivitiesController.cs
> git show :src/Actio.Application/Handlers/CreateActivityHandler.cs
> git show :src/Actio.Application/Services/Activities/ActivityService.cs
> git show :src/Actio.Application/Handlers/CreateActivityHandler.cs
> git show :src/Actio.Api/Controllers/ActivitiesController.cs
> git show :src/Actio.Application/Handlers/CreateActivityHandler.cs
> git show :src/Actio.Api/Controllers/ActivitiesController.cs
> git show :src/Actio.Application/Handlers/CreateActivityHandler.cs
