[2019-06-01 15:03:17.021] [exthost] [info] extension host started
[2019-06-01 15:03:17.057] [exthost] [info] ExtensionService#_doActivateExtension vscode.debug-auto-launch {"startup":true,"activationEvent":"*"}
[2019-06-01 15:03:17.057] [exthost] [info] ExtensionService#loadCommonJSModule /usr/share/code/resources/app/extensions/debug-auto-launch/dist/extension
[2019-06-01 15:03:17.065] [exthost] [info] ExtensionService#_doActivateExtension vscode.emmet {"startup":true,"activationEvent":"*"}
[2019-06-01 15:03:17.065] [exthost] [info] ExtensionService#loadCommonJSModule /usr/share/code/resources/app/extensions/emmet/dist/extension
[2019-06-01 15:03:17.082] [exthost] [info] ExtensionService#_doActivateExtension vscode.git {"startup":true,"activationEvent":"*"}
[2019-06-01 15:03:17.082] [exthost] [info] ExtensionService#loadCommonJSModule /usr/share/code/resources/app/extensions/git/dist/main
[2019-06-01 15:03:17.190] [exthost] [info] ExtensionService#_doActivateExtension vscode.merge-conflict {"startup":true,"activationEvent":"*"}
[2019-06-01 15:03:17.190] [exthost] [info] ExtensionService#loadCommonJSModule /usr/share/code/resources/app/extensions/merge-conflict/dist/extension
[2019-06-01 15:03:17.197] [exthost] [info] ExtensionService#_doActivateExtension dbaeumer.vscode-eslint {"startup":true,"activationEvent":"*"}
[2019-06-01 15:03:17.197] [exthost] [info] ExtensionService#loadCommonJSModule /home/isaquepf/.vscode/extensions/dbaeumer.vscode-eslint-1.9.0/client/out/extension
[2019-06-01 15:03:17.240] [exthost] [info] ExtensionService#_doActivateExtension eamodio.gitlens {"startup":true,"activationEvent":"*"}
[2019-06-01 15:03:17.240] [exthost] [info] ExtensionService#loadCommonJSModule /home/isaquepf/.vscode/extensions/eamodio.gitlens-9.8.1/dist/extension
[2019-06-01 15:03:17.369] [exthost] [info] ExtensionService#_doActivateExtension esbenp.prettier-vscode {"startup":true,"activationEvent":"*"}
[2019-06-01 15:03:17.369] [exthost] [info] ExtensionService#loadCommonJSModule /home/isaquepf/.vscode/extensions/esbenp.prettier-vscode-1.9.0/out/src/extension
[2019-06-01 15:03:17.565] [exthost] [info] ExtensionService#_doActivateExtension ms-vsliveshare.vsliveshare {"startup":true,"activationEvent":"*"}
[2019-06-01 15:03:17.565] [exthost] [info] ExtensionService#loadCommonJSModule /home/isaquepf/.vscode/extensions/ms-vsliveshare.vsliveshare-1.0.311/out/prod/extension-prod
[2019-06-01 15:03:18.137] [exthost] [info] ExtensionService#_doActivateExtension vscode-icons-team.vscode-icons {"startup":true,"activationEvent":"*"}
[2019-06-01 15:03:18.137] [exthost] [info] ExtensionService#loadCommonJSModule /home/isaquepf/.vscode/extensions/vscode-icons-team.vscode-icons-8.7.0/out/src/
[2019-06-01 15:03:18.234] [exthost] [info] eager extensions activated
[2019-06-01 15:03:18.453] [exthost] [info] ExtensionService#_doActivateExtension vscode.html-language-features {"startup":false,"activationEvent":"onLanguage:html"}
[2019-06-01 15:03:18.453] [exthost] [info] ExtensionService#loadCommonJSModule /usr/share/code/resources/app/extensions/html-language-features/client/dist/htmlMain
[2019-06-01 15:04:04.418] [exthost] [info] extension host started
[2019-06-01 15:04:04.444] [exthost] [info] ExtensionService#_doActivateExtension vscode.debug-auto-launch {"startup":true,"activationEvent":"*"}
[2019-06-01 15:04:04.444] [exthost] [info] ExtensionService#loadCommonJSModule /usr/share/code/resources/app/extensions/debug-auto-launch/dist/extension
[2019-06-01 15:04:04.448] [exthost] [info] ExtensionService#_doActivateExtension vscode.emmet {"startup":true,"activationEvent":"*"}
[2019-06-01 15:04:04.448] [exthost] [info] ExtensionService#loadCommonJSModule /usr/share/code/resources/app/extensions/emmet/dist/extension
[2019-06-01 15:04:04.463] [exthost] [info] ExtensionService#_doActivateExtension vscode.git {"startup":true,"activationEvent":"*"}
[2019-06-01 15:04:04.463] [exthost] [info] ExtensionService#loadCommonJSModule /usr/share/code/resources/app/extensions/git/dist/main
[2019-06-01 15:04:04.561] [exthost] [info] ExtensionService#_doActivateExtension vscode.merge-conflict {"startup":true,"activationEvent":"*"}
[2019-06-01 15:04:04.561] [exthost] [info] ExtensionService#loadCommonJSModule /usr/share/code/resources/app/extensions/merge-conflict/dist/extension
[2019-06-01 15:04:04.567] [exthost] [info] ExtensionService#_doActivateExtension dbaeumer.vscode-eslint {"startup":true,"activationEvent":"*"}
[2019-06-01 15:04:04.567] [exthost] [info] ExtensionService#loadCommonJSModule /home/isaquepf/.vscode/extensions/dbaeumer.vscode-eslint-1.9.0/client/out/extension
[2019-06-01 15:04:04.608] [exthost] [info] ExtensionService#_doActivateExtension eamodio.gitlens {"startup":true,"activationEvent":"*"}
[2019-06-01 15:04:04.608] [exthost] [info] ExtensionService#loadCommonJSModule /home/isaquepf/.vscode/extensions/eamodio.gitlens-9.8.1/dist/extension
[2019-06-01 15:04:04.745] [exthost] [info] ExtensionService#_doActivateExtension esbenp.prettier-vscode {"startup":true,"activationEvent":"*"}
[2019-06-01 15:04:04.745] [exthost] [info] ExtensionService#loadCommonJSModule /home/isaquepf/.vscode/extensions/esbenp.prettier-vscode-1.9.0/out/src/extension
[2019-06-01 15:04:04.916] [exthost] [info] ExtensionService#_doActivateExtension ms-vsliveshare.vsliveshare {"startup":true,"activationEvent":"*"}
[2019-06-01 15:04:04.916] [exthost] [info] ExtensionService#loadCommonJSModule /home/isaquepf/.vscode/extensions/ms-vsliveshare.vsliveshare-1.0.311/out/prod/extension-prod
[2019-06-01 15:04:05.428] [exthost] [info] ExtensionService#_doActivateExtension vscode-icons-team.vscode-icons {"startup":true,"activationEvent":"*"}
[2019-06-01 15:04:05.428] [exthost] [info] ExtensionService#loadCommonJSModule /home/isaquepf/.vscode/extensions/vscode-icons-team.vscode-icons-8.7.0/out/src/
[2019-06-01 15:04:05.841] [exthost] [info] ExtensionService#_doActivateExtension ms-vscode.csharp {"startup":true,"activationEvent":"workspaceContains:*.csproj,*.sln,*.csx,*.cake,**/*.csproj,**/*.sln,**/*.csx,**/*.cake"}
[2019-06-01 15:04:05.841] [exthost] [info] ExtensionService#loadCommonJSModule /home/isaquepf/.vscode/extensions/ms-vscode.csharp-1.19.1/dist/extension
[2019-06-01 15:04:06.135] [exthost] [info] eager extensions activated
[2019-06-01 15:04:07.720] [exthost] [info] ExtensionService#_doActivateExtension vscode.debug-server-ready {"startup":false,"activationEvent":"onDebugResolve"}
[2019-06-01 15:04:07.720] [exthost] [info] ExtensionService#loadCommonJSModule /usr/share/code/resources/app/extensions/debug-server-ready/dist/extension
[2019-06-01 15:04:07.766] [exthost] [info] ExtensionService#_doActivateExtension vscode.grunt {"startup":false,"activationEvent":"onCommand:workbench.action.tasks.runTask"}
[2019-06-01 15:04:07.766] [exthost] [info] ExtensionService#loadCommonJSModule /usr/share/code/resources/app/extensions/grunt/dist/main
[2019-06-01 15:04:07.771] [exthost] [info] ExtensionService#_doActivateExtension vscode.gulp {"startup":false,"activationEvent":"onCommand:workbench.action.tasks.runTask"}
[2019-06-01 15:04:07.771] [exthost] [info] ExtensionService#loadCommonJSModule /usr/share/code/resources/app/extensions/gulp/dist/main
[2019-06-01 15:04:07.775] [exthost] [info] ExtensionService#_doActivateExtension vscode.jake {"startup":false,"activationEvent":"onCommand:workbench.action.tasks.runTask"}
[2019-06-01 15:04:07.775] [exthost] [info] ExtensionService#loadCommonJSModule /usr/share/code/resources/app/extensions/jake/dist/main
[2019-06-01 15:04:07.779] [exthost] [info] ExtensionService#_doActivateExtension vscode.npm {"startup":false,"activationEvent":"onCommand:workbench.action.tasks.runTask"}
[2019-06-01 15:04:07.779] [exthost] [info] ExtensionService#loadCommonJSModule /usr/share/code/resources/app/extensions/npm/dist/main
[2019-06-01 15:04:07.802] [exthost] [info] ExtensionService#_doActivateExtension vscode.typescript-language-features {"startup":false,"activationEvent":"onCommand:workbench.action.tasks.runTask"}
[2019-06-01 15:04:07.802] [exthost] [info] ExtensionService#loadCommonJSModule /usr/share/code/resources/app/extensions/typescript-language-features/dist/extension
[2019-06-01 15:05:32.749] [exthost] [info] ExtensionService#_doActivateExtension jchannon.csharpextensions {"startup":false,"activationEvent":"onLanguage:csharp"}
[2019-06-01 15:05:32.749] [exthost] [info] ExtensionService#loadCommonJSModule /home/isaquepf/.vscode/extensions/jchannon.csharpextensions-1.3.0/out/src/extension
[2019-06-01 15:05:33.002] [exthost] [error] [jchannon.csharpextensions] provider FAILED
[2019-06-01 15:05:33.004] [exthost] [error] Error: Illegal argument: line must be non-negative
    at Object.t.illegalArgument (/usr/share/code/resources/app/out/vs/workbench/services/extensions/node/extensionHostProcess.js:12:612)
    at new m (/usr/share/code/resources/app/out/vs/workbench/services/extensions/node/extensionHostProcess.js:329:252)
    at new m (/usr/share/code/resources/app/out/vs/workbench/services/extensions/node/extensionHostProcess.js:328:524)
    at CodeActionProvider.getInitializeFromCtorCommand (/home/isaquepf/.vscode/extensions/jchannon.csharpextensions-1.3.0/out/src/codeActionProvider.js:166:61)
    at addInitalizeFromCtor (/home/isaquepf/.vscode/extensions/jchannon.csharpextensions-1.3.0/out/src/codeActionProvider.js:15:28)
    at CodeActionProvider.provideCodeActions (/home/isaquepf/.vscode/extensions/jchannon.csharpextensions-1.3.0/out/src/codeActionProvider.js:19:9)
    at define.provideCodeActions.a.asPromise (/usr/share/code/resources/app/out/vs/workbench/services/extensions/node/extensionHostProcess.js:569:725)
    at t.asPromise.Promise (/usr/share/code/resources/app/out/vs/workbench/services/extensions/node/extensionHostProcess.js:53:207)
    at new Promise (<anonymous>:null:null)
    at Object.t.asPromise (/usr/share/code/resources/app/out/vs/workbench/services/extensions/node/extensionHostProcess.js:53:179)
    at D.provideCodeActions (/usr/share/code/resources/app/out/vs/workbench/services/extensions/node/extensionHostProcess.js:569:696)
    at define.$provideCodeActions._withAdapter.e (/usr/share/code/resources/app/out/vs/workbench/services/extensions/node/extensionHostProcess.js:586:253)
    at j._withAdapter (/usr/share/code/resources/app/out/vs/workbench/services/extensions/node/extensionHostProcess.js:581:126)
    at j.$provideCodeActions (/usr/share/code/resources/app/out/vs/workbench/services/extensions/node/extensionHostProcess.js:586:231)
    at d._doInvokeHandler (/usr/share/code/resources/app/out/vs/workbench/services/extensions/node/extensionHostProcess.js:637:1006)
    at d._invokeHandler (/usr/share/code/resources/app/out/vs/workbench/services/extensions/node/extensionHostProcess.js:637:698)
    at d._receiveRequest (/usr/share/code/resources/app/out/vs/workbench/services/extensions/node/extensionHostProcess.js:636:293)
    at d._receiveOneMessage (/usr/share/code/resources/app/out/vs/workbench/services/extensions/node/extensionHostProcess.js:635:167)
    at define.constructor._protocol.onMessage.e (/usr/share/code/resources/app/out/vs/workbench/services/extensions/node/extensionHostProcess.js:633:432)
    at u.fire (/usr/share/code/resources/app/out/vs/workbench/services/extensions/node/extensionHostProcess.js:47:720)
    at e (/usr/share/code/resources/app/out/vs/workbench/services/extensions/node/extensionHostProcess.js:43:554)
    at u.fire (/usr/share/code/resources/app/out/vs/workbench/services/extensions/node/extensionHostProcess.js:47:720)
    at a (/usr/share/code/resources/app/out/vs/workbench/services/extensions/node/extensionHostProcess.js:175:685)
    at e (/usr/share/code/resources/app/out/vs/workbench/services/extensions/node/extensionHostProcess.js:175:731)
    at u.fire (/usr/share/code/resources/app/out/vs/workbench/services/extensions/node/extensionHostProcess.js:47:720)
    at y._receiveMessage (/usr/share/code/resources/app/out/vs/workbench/services/extensions/node/extensionHostProcess.js:184:545)
    at define.constructor._socketDisposables.push._socketReader.onMessage.e (/usr/share/code/resources/app/out/vs/workbench/services/extensions/node/extensionHostProcess.js:181:860)
    at u.fire (/usr/share/code/resources/app/out/vs/workbench/services/extensions/node/extensionHostProcess.js:47:720)
    at f.acceptChunk (/usr/share/code/resources/app/out/vs/workbench/services/extensions/node/extensionHostProcess.js:178:445)
    at define.constructor._register._socket.onData.e (/usr/share/code/resources/app/out/vs/workbench/services/extensions/node/extensionHostProcess.js:177:781)
    at Socket.t (/usr/share/code/resources/app/out/vs/workbench/services/extensions/node/extensionHostProcess.js:186:22)
    at Socket.emit (events.js:182:13)
    at addChunk (_stream_readable.js:279:12)
    at readableAddChunk (_stream_readable.js:264:11)
    at Socket.Readable.push (_stream_readable.js:219:10)
    at Pipe.onread (net.js:636:20)

[2019-06-01 15:05:36.051] [exthost] [error] [jchannon.csharpextensions] provider FAILED
[2019-06-01 15:05:36.051] [exthost] [error] TypeError: Cannot read property 'selection' of undefined
    at CodeActionProvider.getInitializeFromCtorCommand (/home/isaquepf/.vscode/extensions/jchannon.csharpextensions-1.3.0/out/src/codeActionProvider.js:165:33)
    at addInitalizeFromCtor (/home/isaquepf/.vscode/extensions/jchannon.csharpextensions-1.3.0/out/src/codeActionProvider.js:15:28)
    at CodeActionProvider.provideCodeActions (/home/isaquepf/.vscode/extensions/jchannon.csharpextensions-1.3.0/out/src/codeActionProvider.js:19:9)
    at define.provideCodeActions.a.asPromise (/usr/share/code/resources/app/out/vs/workbench/services/extensions/node/extensionHostProcess.js:569:725)
    at t.asPromise.Promise (/usr/share/code/resources/app/out/vs/workbench/services/extensions/node/extensionHostProcess.js:53:207)
    at new Promise (<anonymous>:null:null)
    at Object.t.asPromise (/usr/share/code/resources/app/out/vs/workbench/services/extensions/node/extensionHostProcess.js:53:179)
    at D.provideCodeActions (/usr/share/code/resources/app/out/vs/workbench/services/extensions/node/extensionHostProcess.js:569:696)
    at define.$provideCodeActions._withAdapter.e (/usr/share/code/resources/app/out/vs/workbench/services/extensions/node/extensionHostProcess.js:586:253)
    at j._withAdapter (/usr/share/code/resources/app/out/vs/workbench/services/extensions/node/extensionHostProcess.js:581:126)
    at j.$provideCodeActions (/usr/share/code/resources/app/out/vs/workbench/services/extensions/node/extensionHostProcess.js:586:231)
    at d._doInvokeHandler (/usr/share/code/resources/app/out/vs/workbench/services/extensions/node/extensionHostProcess.js:637:1006)
    at d._invokeHandler (/usr/share/code/resources/app/out/vs/workbench/services/extensions/node/extensionHostProcess.js:637:698)
    at d._receiveRequest (/usr/share/code/resources/app/out/vs/workbench/services/extensions/node/extensionHostProcess.js:636:293)
    at d._receiveOneMessage (/usr/share/code/resources/app/out/vs/workbench/services/extensions/node/extensionHostProcess.js:635:167)
    at define.constructor._protocol.onMessage.e (/usr/share/code/resources/app/out/vs/workbench/services/extensions/node/extensionHostProcess.js:633:432)
    at u.fire (/usr/share/code/resources/app/out/vs/workbench/services/extensions/node/extensionHostProcess.js:47:720)
    at e (/usr/share/code/resources/app/out/vs/workbench/services/extensions/node/extensionHostProcess.js:43:554)
    at u.fire (/usr/share/code/resources/app/out/vs/workbench/services/extensions/node/extensionHostProcess.js:47:720)
    at a (/usr/share/code/resources/app/out/vs/workbench/services/extensions/node/extensionHostProcess.js:175:685)
    at e (/usr/share/code/resources/app/out/vs/workbench/services/extensions/node/extensionHostProcess.js:175:731)
    at u.fire (/usr/share/code/resources/app/out/vs/workbench/services/extensions/node/extensionHostProcess.js:47:720)
    at y._receiveMessage (/usr/share/code/resources/app/out/vs/workbench/services/extensions/node/extensionHostProcess.js:184:545)
    at define.constructor._socketDisposables.push._socketReader.onMessage.e (/usr/share/code/resources/app/out/vs/workbench/services/extensions/node/extensionHostProcess.js:181:860)
    at u.fire (/usr/share/code/resources/app/out/vs/workbench/services/extensions/node/extensionHostProcess.js:47:720)
    at f.acceptChunk (/usr/share/code/resources/app/out/vs/workbench/services/extensions/node/extensionHostProcess.js:178:445)
    at define.constructor._register._socket.onData.e (/usr/share/code/resources/app/out/vs/workbench/services/extensions/node/extensionHostProcess.js:177:781)
    at Socket.t (/usr/share/code/resources/app/out/vs/workbench/services/extensions/node/extensionHostProcess.js:186:22)
    at Socket.emit (events.js:182:13)
    at addChunk (_stream_readable.js:279:12)
    at readableAddChunk (_stream_readable.js:264:11)
    at Socket.Readable.push (_stream_readable.js:219:10)
    at Pipe.onread (net.js:636:20)

[2019-06-02 00:49:48.742] [exthost] [error] [jchannon.csharpextensions] provider FAILED
[2019-06-02 00:49:48.742] [exthost] [error] TypeError: Cannot read property 'selection' of undefined
    at CodeActionProvider.getInitializeFromCtorCommand (/home/isaquepf/.vscode/extensions/jchannon.csharpextensions-1.3.0/out/src/codeActionProvider.js:165:33)
    at addInitalizeFromCtor (/home/isaquepf/.vscode/extensions/jchannon.csharpextensions-1.3.0/out/src/codeActionProvider.js:15:28)
    at CodeActionProvider.provideCodeActions (/home/isaquepf/.vscode/extensions/jchannon.csharpextensions-1.3.0/out/src/codeActionProvider.js:19:9)
    at define.provideCodeActions.a.asPromise (/usr/share/code/resources/app/out/vs/workbench/services/extensions/node/extensionHostProcess.js:569:725)
    at t.asPromise.Promise (/usr/share/code/resources/app/out/vs/workbench/services/extensions/node/extensionHostProcess.js:53:207)
    at new Promise (<anonymous>:null:null)
    at Object.t.asPromise (/usr/share/code/resources/app/out/vs/workbench/services/extensions/node/extensionHostProcess.js:53:179)
    at D.provideCodeActions (/usr/share/code/resources/app/out/vs/workbench/services/extensions/node/extensionHostProcess.js:569:696)
    at define.$provideCodeActions._withAdapter.e (/usr/share/code/resources/app/out/vs/workbench/services/extensions/node/extensionHostProcess.js:586:253)
    at j._withAdapter (/usr/share/code/resources/app/out/vs/workbench/services/extensions/node/extensionHostProcess.js:581:126)
    at j.$provideCodeActions (/usr/share/code/resources/app/out/vs/workbench/services/extensions/node/extensionHostProcess.js:586:231)
    at d._doInvokeHandler (/usr/share/code/resources/app/out/vs/workbench/services/extensions/node/extensionHostProcess.js:637:1006)
    at d._invokeHandler (/usr/share/code/resources/app/out/vs/workbench/services/extensions/node/extensionHostProcess.js:637:698)
    at d._receiveRequest (/usr/share/code/resources/app/out/vs/workbench/services/extensions/node/extensionHostProcess.js:636:293)
    at d._receiveOneMessage (/usr/share/code/resources/app/out/vs/workbench/services/extensions/node/extensionHostProcess.js:635:167)
    at define.constructor._protocol.onMessage.e (/usr/share/code/resources/app/out/vs/workbench/services/extensions/node/extensionHostProcess.js:633:432)
    at u.fire (/usr/share/code/resources/app/out/vs/workbench/services/extensions/node/extensionHostProcess.js:47:720)
    at e (/usr/share/code/resources/app/out/vs/workbench/services/extensions/node/extensionHostProcess.js:43:554)
    at u.fire (/usr/share/code/resources/app/out/vs/workbench/services/extensions/node/extensionHostProcess.js:47:720)
    at a (/usr/share/code/resources/app/out/vs/workbench/services/extensions/node/extensionHostProcess.js:175:685)
    at e (/usr/share/code/resources/app/out/vs/workbench/services/extensions/node/extensionHostProcess.js:175:731)
    at u.fire (/usr/share/code/resources/app/out/vs/workbench/services/extensions/node/extensionHostProcess.js:47:720)
    at y._receiveMessage (/usr/share/code/resources/app/out/vs/workbench/services/extensions/node/extensionHostProcess.js:184:545)
    at define.constructor._socketDisposables.push._socketReader.onMessage.e (/usr/share/code/resources/app/out/vs/workbench/services/extensions/node/extensionHostProcess.js:181:860)
    at u.fire (/usr/share/code/resources/app/out/vs/workbench/services/extensions/node/extensionHostProcess.js:47:720)
    at f.acceptChunk (/usr/share/code/resources/app/out/vs/workbench/services/extensions/node/extensionHostProcess.js:178:445)
    at define.constructor._register._socket.onData.e (/usr/share/code/resources/app/out/vs/workbench/services/extensions/node/extensionHostProcess.js:177:781)
    at Socket.t (/usr/share/code/resources/app/out/vs/workbench/services/extensions/node/extensionHostProcess.js:186:22)
    at Socket.emit (events.js:182:13)
    at addChunk (_stream_readable.js:279:12)
    at readableAddChunk (_stream_readable.js:264:11)
    at Socket.Readable.push (_stream_readable.js:219:10)
    at Pipe.onread (net.js:636:20)

