[Client I] Did not find user settings at </<redacted>/<redacted>.json>
[Client I] Trace log: /tmp/VSFeedbackVSRTCLogs/20190717_040107_15633360677700_VSCode.log
[Client V] Downloading remote settings from https://az700632.vo.msecnd.net/pub/VSLiveShare/VSCode/remoteSettings.json
[Client I] Trace log: /tmp/VSFeedbackVSRTCLogs/20190717_040108_15633360681390_VSCode.log
[Client I] Extension, IDE, OS : VSLS/1.0.509 VSCode/1.36.1 Linux/5.0.0-20-generic
[Client I] Passed version check for Linux: found 5.0.0-20-generic
[Client.Rpc V] RPCClient.init retryCount:0 currentRetryInterval:0
[Debug.Rpc.Host V] TrackDebugManager created
[Client.Rpc V] Agent connection not completed: Error: connect ENOENT /tmp/CoreFxPipe_vscode.43fb2755b81a8dc5edc28d519002efb8; Retrying...
[Client.Rpc V] RPCClient.init retryCount:1 currentRetryInterval:100
[Client.Agent V] Agent lock on:</<redacted>/<redacted>.lock>
[Client.Agent I] starting agent with pipe:vscode.43fb2755b81a8dc5edc28d519002efb8
[Client.Agent I] presence service -> uri:https://signlr-prod.core.vsengsaas.visualstudio.com/api/signalr/presencehub vslsTeam:false insiders:false vscode:1.36.1
[Client.Agent V] Finished agent startup...
[Client.Rpc V] Agent connection not completed: Error: connect ENOENT /tmp/CoreFxPipe_vscode.43fb2755b81a8dc5edc28d519002efb8; Retrying...
[Client.Agent V] Agent unlocked
[Client.Rpc V] RPCClient.init retryCount:2 currentRetryInterval:100
[Client.Rpc I] Agent connection success - net.pipe://localhost/vscode.43fb2755b81a8dc5edc28d519002efb8
[Client.Rpc V] finish initialize agent session with rpcConnectId:null hostSessionId:1
[Client.Rpc.Auth V] < version.exchangeVersions()
[Client.Rpc.Auth V] > version.exchangeVersions() succeeded
[Client I] Client version: 1.0.509 (VSLS/2.2), agent version: 1.0.509.23844 (VSLS/2.2)
[Client.Rpc.Auth V] < version.exchangeSettings()
[Client.Rpc.Auth V] > version.exchangeSettings() succeeded
[Client I] No workspaceId found in workspace settings.
[API I] Initializing Live Share API 0.3.1291 for eamodio.gitlens@9.8.5
[Client I] No workspace url found in cascade.json file.
[Client.Rpc V] < telemetry.initialize()
[Contact.Manager I] registerContactProvider-> serviceId:git
[Contact.Service V] _Initialize:git
[Contact.Service V] Request 'initialize' serviceId:git
[Contact.Manager I] registerContactProvider-> serviceId:selfInvite
[Contact.Service V] _Initialize:selfInvite
[Contact.Service V] Request 'initialize' serviceId:selfInvite
[Client.Rpc.SessionContext V] < sessionContext.getServiceNames()
[Client.Rpc V] > telemetry.initialize() succeeded
[Client.Rpc.Auth V] < auth.loginWithCachedToken()
[Client.Rpc.SessionContext V] > sessionContext.getServiceNames() succeeded
[Client.Rpc.Auth E] > auth.loginWithCachedToken() error: undefined
[Contact.Manager V] ->loadRecentCollaborators:onStateChanged
[Contact.Manager V] SelfInviteProvider-> status:false
[Contact.Service V] onNotified-> serviceId:selfInvite name:suggestedUsers
[Contact.Manager I] onSuggestedUsersUpdate-> serviceId:selfInvite count:0
[Contact.Manager V] ->updateRecentContacts -> count:0
[Contact.Manager V] <-updateRecentContacts
[Contact.Manager V] ->updateSuggestedUsers
[Contact.Manager V] suggest contacts from provider:selfInvite ids: emails:
[Contact.Manager I] <- updateSuggestedUsers count:0
[Contact.Service V] onNotified-> serviceId:git name:suggestedUsers
[Contact.Manager I] onSuggestedUsersUpdate-> serviceId:git count:0
[Contact.Manager V] ->updateRecentContacts -> count:0
[Contact.Manager V] <-updateRecentContacts
[Contact.Manager V] ->updateSuggestedUsers
[Contact.Manager V] suggest contacts from provider:selfInvite ids: emails:
[Contact.Manager V] suggest contacts from provider:git ids: emails:
[Contact.Manager I] <- updateSuggestedUsers count:0
[API I] Request contacts for emails: <31fa@a26b>
[Debug.Rpc.Host V] DebugAdapterTracker created sessionId:8a113a95-8dce-40e5-83c5-c5f7d6680bbb
[Debug.Rpc.Host V] initialize response with capabilities:{"supportsConfigurationDoneRequest":true,"supportsFunctionBreakpoints":false,"supportsConditionalBreakpoints":true,"supportsHitConditionalBreakpoints":true,"supportsEvaluateForHovers":true,"exceptionBreakpointFilters":[{"filter":"all","label":"Todas as Exceções","default":false},{"filter":"user-unhandled","label":"Exceções Não Tratadas pelo Usuário","default":true}],"supportsSetVariable":true,"supportsGotoTargetsRequest":true,"supportsModulesRequest":true,"additionalModuleColumns":[],"supportedChecksumAlgorithms":["MD5","SHA1","SHA256"],"supportsExceptionOptions":true,"supportsValueFormattingOptions":true,"supportsExceptionInfoRequest":true,"supportTerminateDebuggee":true,"supportsSetExpression":true,"supportsExceptionConditions":true,"supportsDebuggerProperties":true,"supportsSetSymbolOptions":true}
[Debug.Rpc.Host V] createDebugSession sessionId:8a113a95-8dce-40e5-83c5-c5f7d6680bbb
[Debug.Rpc.Host V] onWillStopSession sessionId:8a113a95-8dce-40e5-83c5-c5f7d6680bbb
[Client I] Client deactivation requested.
