[2019-06-01 15:05:33.025] [renderer1] [error] Illegal argument: line must be non-negative: Error: Illegal argument: line must be non-negative
    at Object.t.illegalArgument (/usr/share/code/resources/app/out/vs/workbench/services/extensions/node/extensionHostProcess.js:12:612)
    at new m (/usr/share/code/resources/app/out/vs/workbench/services/extensions/node/extensionHostProcess.js:329:252)
    at new m (/usr/share/code/resources/app/out/vs/workbench/services/extensions/node/extensionHostProcess.js:328:524)
    at CodeActionProvider.getInitializeFromCtorCommand (/home/isaquepf/.vscode/extensions/jchannon.csharpextensions-1.3.0/out/src/codeActionProvider.js:166:61)
    at addInitalizeFromCtor (/home/isaquepf/.vscode/extensions/jchannon.csharpextensions-1.3.0/out/src/codeActionProvider.js:15:28)
    at CodeActionProvider.provideCodeActions (/home/isaquepf/.vscode/extensions/jchannon.csharpextensions-1.3.0/out/src/codeActionProvider.js:19:9)
    at define.provideCodeActions.a.asPromise (/usr/share/code/resources/app/out/vs/workbench/services/extensions/node/extensionHostProcess.js:569:725)
    at t.asPromise.Promise (/usr/share/code/resources/app/out/vs/workbench/services/extensions/node/extensionHostProcess.js:53:207)
    at new Promise (<anonymous>:null:null)
    at Object.t.asPromise (/usr/share/code/resources/app/out/vs/workbench/services/extensions/node/extensionHostProcess.js:53:179)
    at D.provideCodeActions (/usr/share/code/resources/app/out/vs/workbench/services/extensions/node/extensionHostProcess.js:569:696)
    at define.$provideCodeActions._withAdapter.e (/usr/share/code/resources/app/out/vs/workbench/services/extensions/node/extensionHostProcess.js:586:253)
    at j._withAdapter (/usr/share/code/resources/app/out/vs/workbench/services/extensions/node/extensionHostProcess.js:581:126)
    at j.$provideCodeActions (/usr/share/code/resources/app/out/vs/workbench/services/extensions/node/extensionHostProcess.js:586:231)
    at d._doInvokeHandler (/usr/share/code/resources/app/out/vs/workbench/services/extensions/node/extensionHostProcess.js:637:1006)
    at d._invokeHandler (/usr/share/code/resources/app/out/vs/workbench/services/extensions/node/extensionHostProcess.js:637:698)
    at d._receiveRequest (/usr/share/code/resources/app/out/vs/workbench/services/extensions/node/extensionHostProcess.js:636:293)
    at d._receiveOneMessage (/usr/share/code/resources/app/out/vs/workbench/services/extensions/node/extensionHostProcess.js:635:167)
    at define.constructor._protocol.onMessage.e (/usr/share/code/resources/app/out/vs/workbench/services/extensions/node/extensionHostProcess.js:633:432)
    at u.fire (/usr/share/code/resources/app/out/vs/workbench/services/extensions/node/extensionHostProcess.js:47:720)
    at e (/usr/share/code/resources/app/out/vs/workbench/services/extensions/node/extensionHostProcess.js:43:554)
    at u.fire (/usr/share/code/resources/app/out/vs/workbench/services/extensions/node/extensionHostProcess.js:47:720)
    at a (/usr/share/code/resources/app/out/vs/workbench/services/extensions/node/extensionHostProcess.js:175:685)
    at e (/usr/share/code/resources/app/out/vs/workbench/services/extensions/node/extensionHostProcess.js:175:731)
    at u.fire (/usr/share/code/resources/app/out/vs/workbench/services/extensions/node/extensionHostProcess.js:47:720)
    at y._receiveMessage (/usr/share/code/resources/app/out/vs/workbench/services/extensions/node/extensionHostProcess.js:184:545)
    at define.constructor._socketDisposables.push._socketReader.onMessage.e (/usr/share/code/resources/app/out/vs/workbench/services/extensions/node/extensionHostProcess.js:181:860)
    at u.fire (/usr/share/code/resources/app/out/vs/workbench/services/extensions/node/extensionHostProcess.js:47:720)
    at f.acceptChunk (/usr/share/code/resources/app/out/vs/workbench/services/extensions/node/extensionHostProcess.js:178:445)
    at define.constructor._register._socket.onData.e (/usr/share/code/resources/app/out/vs/workbench/services/extensions/node/extensionHostProcess.js:177:781)
    at Socket.t (/usr/share/code/resources/app/out/vs/workbench/services/extensions/node/extensionHostProcess.js:186:22)
    at Socket.emit (events.js:182:13)
    at addChunk (_stream_readable.js:279:12)
    at readableAddChunk (_stream_readable.js:264:11)
    at Socket.Readable.push (_stream_readable.js:219:10)
    at Pipe.onread (net.js:636:20)

[2019-06-01 15:05:36.065] [renderer1] [error] Cannot read property 'selection' of undefined: TypeError: Cannot read property 'selection' of undefined
    at CodeActionProvider.getInitializeFromCtorCommand (/home/isaquepf/.vscode/extensions/jchannon.csharpextensions-1.3.0/out/src/codeActionProvider.js:165:33)
    at addInitalizeFromCtor (/home/isaquepf/.vscode/extensions/jchannon.csharpextensions-1.3.0/out/src/codeActionProvider.js:15:28)
    at CodeActionProvider.provideCodeActions (/home/isaquepf/.vscode/extensions/jchannon.csharpextensions-1.3.0/out/src/codeActionProvider.js:19:9)
    at define.provideCodeActions.a.asPromise (/usr/share/code/resources/app/out/vs/workbench/services/extensions/node/extensionHostProcess.js:569:725)
    at t.asPromise.Promise (/usr/share/code/resources/app/out/vs/workbench/services/extensions/node/extensionHostProcess.js:53:207)
    at new Promise (<anonymous>:null:null)
    at Object.t.asPromise (/usr/share/code/resources/app/out/vs/workbench/services/extensions/node/extensionHostProcess.js:53:179)
    at D.provideCodeActions (/usr/share/code/resources/app/out/vs/workbench/services/extensions/node/extensionHostProcess.js:569:696)
    at define.$provideCodeActions._withAdapter.e (/usr/share/code/resources/app/out/vs/workbench/services/extensions/node/extensionHostProcess.js:586:253)
    at j._withAdapter (/usr/share/code/resources/app/out/vs/workbench/services/extensions/node/extensionHostProcess.js:581:126)
    at j.$provideCodeActions (/usr/share/code/resources/app/out/vs/workbench/services/extensions/node/extensionHostProcess.js:586:231)
    at d._doInvokeHandler (/usr/share/code/resources/app/out/vs/workbench/services/extensions/node/extensionHostProcess.js:637:1006)
    at d._invokeHandler (/usr/share/code/resources/app/out/vs/workbench/services/extensions/node/extensionHostProcess.js:637:698)
    at d._receiveRequest (/usr/share/code/resources/app/out/vs/workbench/services/extensions/node/extensionHostProcess.js:636:293)
    at d._receiveOneMessage (/usr/share/code/resources/app/out/vs/workbench/services/extensions/node/extensionHostProcess.js:635:167)
    at define.constructor._protocol.onMessage.e (/usr/share/code/resources/app/out/vs/workbench/services/extensions/node/extensionHostProcess.js:633:432)
    at u.fire (/usr/share/code/resources/app/out/vs/workbench/services/extensions/node/extensionHostProcess.js:47:720)
    at e (/usr/share/code/resources/app/out/vs/workbench/services/extensions/node/extensionHostProcess.js:43:554)
    at u.fire (/usr/share/code/resources/app/out/vs/workbench/services/extensions/node/extensionHostProcess.js:47:720)
    at a (/usr/share/code/resources/app/out/vs/workbench/services/extensions/node/extensionHostProcess.js:175:685)
    at e (/usr/share/code/resources/app/out/vs/workbench/services/extensions/node/extensionHostProcess.js:175:731)
    at u.fire (/usr/share/code/resources/app/out/vs/workbench/services/extensions/node/extensionHostProcess.js:47:720)
    at y._receiveMessage (/usr/share/code/resources/app/out/vs/workbench/services/extensions/node/extensionHostProcess.js:184:545)
    at define.constructor._socketDisposables.push._socketReader.onMessage.e (/usr/share/code/resources/app/out/vs/workbench/services/extensions/node/extensionHostProcess.js:181:860)
    at u.fire (/usr/share/code/resources/app/out/vs/workbench/services/extensions/node/extensionHostProcess.js:47:720)
    at f.acceptChunk (/usr/share/code/resources/app/out/vs/workbench/services/extensions/node/extensionHostProcess.js:178:445)
    at define.constructor._register._socket.onData.e (/usr/share/code/resources/app/out/vs/workbench/services/extensions/node/extensionHostProcess.js:177:781)
    at Socket.t (/usr/share/code/resources/app/out/vs/workbench/services/extensions/node/extensionHostProcess.js:186:22)
    at Socket.emit (events.js:182:13)
    at addChunk (_stream_readable.js:279:12)
    at readableAddChunk (_stream_readable.js:264:11)
    at Socket.Readable.push (_stream_readable.js:219:10)
    at Pipe.onread (net.js:636:20)

[2019-06-02 00:49:48.754] [renderer1] [error] Cannot read property 'selection' of undefined: TypeError: Cannot read property 'selection' of undefined
    at CodeActionProvider.getInitializeFromCtorCommand (/home/isaquepf/.vscode/extensions/jchannon.csharpextensions-1.3.0/out/src/codeActionProvider.js:165:33)
    at addInitalizeFromCtor (/home/isaquepf/.vscode/extensions/jchannon.csharpextensions-1.3.0/out/src/codeActionProvider.js:15:28)
    at CodeActionProvider.provideCodeActions (/home/isaquepf/.vscode/extensions/jchannon.csharpextensions-1.3.0/out/src/codeActionProvider.js:19:9)
    at define.provideCodeActions.a.asPromise (/usr/share/code/resources/app/out/vs/workbench/services/extensions/node/extensionHostProcess.js:569:725)
    at t.asPromise.Promise (/usr/share/code/resources/app/out/vs/workbench/services/extensions/node/extensionHostProcess.js:53:207)
    at new Promise (<anonymous>:null:null)
    at Object.t.asPromise (/usr/share/code/resources/app/out/vs/workbench/services/extensions/node/extensionHostProcess.js:53:179)
    at D.provideCodeActions (/usr/share/code/resources/app/out/vs/workbench/services/extensions/node/extensionHostProcess.js:569:696)
    at define.$provideCodeActions._withAdapter.e (/usr/share/code/resources/app/out/vs/workbench/services/extensions/node/extensionHostProcess.js:586:253)
    at j._withAdapter (/usr/share/code/resources/app/out/vs/workbench/services/extensions/node/extensionHostProcess.js:581:126)
    at j.$provideCodeActions (/usr/share/code/resources/app/out/vs/workbench/services/extensions/node/extensionHostProcess.js:586:231)
    at d._doInvokeHandler (/usr/share/code/resources/app/out/vs/workbench/services/extensions/node/extensionHostProcess.js:637:1006)
    at d._invokeHandler (/usr/share/code/resources/app/out/vs/workbench/services/extensions/node/extensionHostProcess.js:637:698)
    at d._receiveRequest (/usr/share/code/resources/app/out/vs/workbench/services/extensions/node/extensionHostProcess.js:636:293)
    at d._receiveOneMessage (/usr/share/code/resources/app/out/vs/workbench/services/extensions/node/extensionHostProcess.js:635:167)
    at define.constructor._protocol.onMessage.e (/usr/share/code/resources/app/out/vs/workbench/services/extensions/node/extensionHostProcess.js:633:432)
    at u.fire (/usr/share/code/resources/app/out/vs/workbench/services/extensions/node/extensionHostProcess.js:47:720)
    at e (/usr/share/code/resources/app/out/vs/workbench/services/extensions/node/extensionHostProcess.js:43:554)
    at u.fire (/usr/share/code/resources/app/out/vs/workbench/services/extensions/node/extensionHostProcess.js:47:720)
    at a (/usr/share/code/resources/app/out/vs/workbench/services/extensions/node/extensionHostProcess.js:175:685)
    at e (/usr/share/code/resources/app/out/vs/workbench/services/extensions/node/extensionHostProcess.js:175:731)
    at u.fire (/usr/share/code/resources/app/out/vs/workbench/services/extensions/node/extensionHostProcess.js:47:720)
    at y._receiveMessage (/usr/share/code/resources/app/out/vs/workbench/services/extensions/node/extensionHostProcess.js:184:545)
    at define.constructor._socketDisposables.push._socketReader.onMessage.e (/usr/share/code/resources/app/out/vs/workbench/services/extensions/node/extensionHostProcess.js:181:860)
    at u.fire (/usr/share/code/resources/app/out/vs/workbench/services/extensions/node/extensionHostProcess.js:47:720)
    at f.acceptChunk (/usr/share/code/resources/app/out/vs/workbench/services/extensions/node/extensionHostProcess.js:178:445)
    at define.constructor._register._socket.onData.e (/usr/share/code/resources/app/out/vs/workbench/services/extensions/node/extensionHostProcess.js:177:781)
    at Socket.t (/usr/share/code/resources/app/out/vs/workbench/services/extensions/node/extensionHostProcess.js:186:22)
    at Socket.emit (events.js:182:13)
    at addChunk (_stream_readable.js:279:12)
    at readableAddChunk (_stream_readable.js:264:11)
    at Socket.Readable.push (_stream_readable.js:219:10)
    at Pipe.onread (net.js:636:20)

