[Client I] Did not find user settings at </<redacted>/<redacted>.json>
[Client I] Trace log: /tmp/VSFeedbackVSRTCLogs/20190717_030312_15633325921710_VSCode.log
[Client V] Downloading remote settings from https://az700632.vo.msecnd.net/pub/VSLiveShare/VSCode/remoteSettings.json
[Client I] Trace log: /tmp/VSFeedbackVSRTCLogs/20190717_030312_15633325925040_VSCode.log
[Client I] Extension, IDE, OS : VSLS/1.0.509 VSCode/1.37.0-insider Linux/5.0.0-20-generic
[Client I] Passed version check for Linux: found 5.0.0-20-generic
[Client.Rpc V] RPCClient.init retryCount:0 currentRetryInterval:0
[Debug.Rpc.Host V] TrackDebugManager created
[Client.Rpc I] Agent connection success - net.pipe://localhost/vscode.9bf9d3947606fe7f5f5f8d0d0eee361b
[Client.Rpc V] finish initialize agent session with rpcConnectId:null hostSessionId:6
[Client.Rpc.Auth V] < version.exchangeVersions()
[Client.Rpc.Auth V] > version.exchangeVersions() succeeded
[Client I] Client version: 1.0.509 (VSLS/2.2), agent version: 1.0.509.23844 (VSLS/2.2)
[Client.Rpc.Auth V] < version.exchangeSettings()
[Client.Rpc.Auth V] > version.exchangeSettings() succeeded
[Client I] No workspaceId found in workspace settings.
[API I] Initializing Live Share API 0.3.1291 for eamodio.gitlens@9.8.5
[Client I] No workspace url found in cascade.json file.
[Client.Rpc V] < telemetry.initialize()
[Client.Rpc V] > telemetry.initialize() succeeded
[Client.Rpc.Auth V] < auth.loginWithCachedToken()
[Client.Rpc.Auth E] > auth.loginWithCachedToken() error: undefined
[Contact.Manager I] registerContactProvider-> serviceId:git
[Contact.Service V] _Initialize:git
[Contact.Service V] Request 'initialize' serviceId:git
[Contact.Manager I] registerContactProvider-> serviceId:selfInvite
[Contact.Service V] _Initialize:selfInvite
[Contact.Service V] Request 'initialize' serviceId:selfInvite
[Client.Rpc.SessionContext V] < sessionContext.getServiceNames()
[Client.Rpc.SessionContext V] > sessionContext.getServiceNames() succeeded
[Contact.Service V] onNotified-> serviceId:git name:suggestedUsers
[Contact.Manager I] onSuggestedUsersUpdate-> serviceId:git count:0
[Contact.Manager V] ->updateRecentContacts -> count:0
[Contact.Manager V] <-updateRecentContacts
[Contact.Manager V] ->updateSuggestedUsers
[Contact.Manager V] suggest contacts from provider:git ids: emails:
[Contact.Manager I] <- updateSuggestedUsers count:0
[Contact.Manager V] onActivityStatusChanged-> id:idle newStatus:away publishedPresenceStatus:undefined
[Contact.Manager V] onActivityStatusChanged-> id:idle newStatus:available publishedPresenceStatus:undefined
[Contact.Manager V] onActivityStatusChanged-> id:idle newStatus:away publishedPresenceStatus:undefined
[Contact.Manager V] onActivityStatusChanged-> id:idle newStatus:available publishedPresenceStatus:undefined
[Contact.Manager V] onActivityStatusChanged-> id:idle newStatus:away publishedPresenceStatus:undefined
[Contact.Manager V] onActivityStatusChanged-> id:idle newStatus:available publishedPresenceStatus:undefined
[Client I] Client deactivation requested.
